<?xml version="1.0" encoding="UTF-8"?>
<testng-results ignored="0" total="1" passed="1" failed="0" skipped="0">
  <reporter-output>
  </reporter-output>
  <suite started-at="2026-02-08T13:11:34 IST" name="OrangeHRM Suite" finished-at="2026-02-08T13:11:48 IST" duration-ms="14196">
    <groups>
    </groups>
    <test started-at="2026-02-08T13:11:34 IST" name="Smoke Tests" finished-at="2026-02-08T13:11:48 IST" duration-ms="14147">
      <class name="tests.LoginTest">
        <test-method is-config="true" signature="setUp()[pri:0, instance:tests.LoginTest@7b36aa0c]" started-at="2026-02-08T13:11:34 IST" name="setUp" finished-at="2026-02-08T13:11:42 IST" duration-ms="7905" status="PASS">
          <reporter-output>
          </reporter-output>
        </test-method> <!-- setUp -->
        <test-method signature="verifyLoginEndToEnd()[pri:0, instance:tests.LoginTest@7b36aa0c]" started-at="2026-02-08T13:11:42 IST" name="verifyLoginEndToEnd" finished-at="2026-02-08T13:11:48 IST" duration-ms="6012" status="PASS">
          <reporter-output>
          </reporter-output>
        </test-method> <!-- verifyLoginEndToEnd -->
        <test-method is-config="true" signature="tearDown()[pri:0, instance:tests.LoginTest@7b36aa0c]" started-at="2026-02-08T13:11:48 IST" name="tearDown" finished-at="2026-02-08T13:11:48 IST" duration-ms="188" status="PASS">
          <reporter-output>
          </reporter-output>
        </test-method> <!-- tearDown -->
      </class> <!-- tests.LoginTest -->
    </test> <!-- Smoke Tests -->
    <test started-at="2026-02-08T13:11:48 IST" name="Regression Tests" finished-at="2026-02-08T13:11:48 IST" duration-ms="1">
    </test> <!-- Regression Tests -->
  </suite> <!-- OrangeHRM Suite -->
</testng-results>
